<?xml version="1.0" encoding="UTF-8"?>
<!-- Generated by org.testng.reporters.JUnitReportReporter -->
<testsuite skipped="0" hostname="AsHraf" name="com.crm.qa.testcases.HomePageTest" tests="3" failures="0" timestamp="30 Sep 2019 20:15:35 GMT" time="55.867" errors="0">
  <testcase name="verifyHomePageTitleTest" time="20.939" classname="com.crm.qa.testcases.HomePageTest"/>
  <testcase name="verifyUserNameTest" time="19.567" classname="com.crm.qa.testcases.HomePageTest"/>
  <testcase name="verifyContactsLinkTest" time="15.361" classname="com.crm.qa.testcases.HomePageTest"/>
</testsuite> <!-- com.crm.qa.testcases.HomePageTest -->
