<?xml version="1.0" encoding="UTF-8"?>
<!-- Generated by org.testng.reporters.JUnitReportReporter -->
<testsuite skipped="0" hostname="AsHraf" name="com.crm.qa.testcases.LoginPageTest" tests="3" failures="0" timestamp="30 Sep 2019 20:15:35 GMT" time="50.140" errors="0">
  <testcase name="loginPageTitleTest" time="10.867" classname="com.crm.qa.testcases.LoginPageTest"/>
  <testcase name="crmLogoImageTest" time="22.284" classname="com.crm.qa.testcases.LoginPageTest"/>
  <testcase name="loginTest" time="16.989" classname="com.crm.qa.testcases.LoginPageTest"/>
</testsuite> <!-- com.crm.qa.testcases.LoginPageTest -->
